D:\vs2\MSBuild\Microsoft\VC\v170\Microsoft.CppBuild.targets(531,5): warning MSB8028: The intermediate directory (x64\Debug\) contains files shared from another project (ViewOBJModel.vcxproj).  This can lead to incorrect clean and rebuild behavior.
  Camera.cpp
  Mesh.cpp
D:\facultate\anul2\sem2\S3D\lab\apps\BarbieLand\BarbieProject\ViewOBJModel\Mesh.cpp(50,32): warning C4267: '=': conversion from 'size_t' to 'unsigned int', possible loss of data
D:\facultate\anul2\sem2\S3D\lab\apps\BarbieLand\BarbieProject\ViewOBJModel\Mesh.cpp(57,30): warning C4267: '=': conversion from 'size_t' to 'unsigned int', possible loss of data
  Model.cpp
  Shader.cpp
  BarbieLand.cpp
D:\facultate\anul2\sem2\S3D\lab\apps\BarbieLand\BarbieProject\ViewOBJModel\BarbieLand.cpp(391,17): warning C4305: 'initializing': truncation from 'double' to 'float'
D:\facultate\anul2\sem2\S3D\lab\apps\BarbieLand\BarbieProject\ViewOBJModel\BarbieLand.cpp(414,27): warning C4244: '+=': conversion from 'double' to 'float', possible loss of data
D:\facultate\anul2\sem2\S3D\lab\apps\BarbieLand\BarbieProject\ViewOBJModel\BarbieLand.cpp(415,33): warning C4244: '-=': conversion from 'double' to 'float', possible loss of data
D:\facultate\anul2\sem2\S3D\lab\apps\BarbieLand\BarbieProject\ViewOBJModel\BarbieLand.cpp(418,32): warning C4244: '-=': conversion from 'double' to 'float', possible loss of data
D:\facultate\anul2\sem2\S3D\lab\apps\BarbieLand\BarbieProject\ViewOBJModel\BarbieLand.cpp(421,33): warning C4244: '-=': conversion from 'double' to 'float', possible loss of data
D:\facultate\anul2\sem2\S3D\lab\apps\BarbieLand\BarbieProject\ViewOBJModel\BarbieLand.cpp(430,27): warning C4244: '-=': conversion from 'double' to 'float', possible loss of data
D:\facultate\anul2\sem2\S3D\lab\apps\BarbieLand\BarbieProject\ViewOBJModel\BarbieLand.cpp(431,33): warning C4244: '+=': conversion from 'double' to 'float', possible loss of data
D:\facultate\anul2\sem2\S3D\lab\apps\BarbieLand\BarbieProject\ViewOBJModel\BarbieLand.cpp(434,32): warning C4244: '+=': conversion from 'double' to 'float', possible loss of data
D:\facultate\anul2\sem2\S3D\lab\apps\BarbieLand\BarbieProject\ViewOBJModel\BarbieLand.cpp(437,33): warning C4244: '+=': conversion from 'double' to 'float', possible loss of data
D:\facultate\anul2\sem2\S3D\lab\apps\BarbieLand\BarbieProject\ViewOBJModel\BarbieLand.cpp(528,16): warning C4244: 'initializing': conversion from 'double' to 'float', possible loss of data
D:\facultate\anul2\sem2\S3D\lab\apps\BarbieLand\BarbieProject\ViewOBJModel\BarbieLand.cpp(529,16): warning C4244: 'initializing': conversion from 'double' to 'float', possible loss of data
D:\facultate\anul2\sem2\S3D\lab\apps\BarbieLand\BarbieProject\ViewOBJModel\BarbieLand.cpp(545,17): warning C4244: 'initializing': conversion from 'double' to 'float', possible loss of data
  Skybox.cpp
  SoundManager.cpp
  Texture.cpp
  Generating Code...
  ViewOBJModel.vcxproj -> D:\facultate\anul2\sem2\S3D\lab\apps\BarbieLand\BarbieProject\x64\Debug\BarbieLand.exe
  'pwsh.exe' is not recognized as an internal or external command,
  operable program or batch file.
